<?xml version="1.0" encoding="UTF-8"?>
<testsuite xmlns:xsi="http://www.w3.org/2001/XMLSchema-instance" xsi:noNamespaceSchemaLocation="https://maven.apache.org/surefire/maven-surefire-plugin/xsd/surefire-test-report.xsd" name="com.wgx.dormitorymanager2.DormitoryManager2ApplicationTests" time="9.858" tests="9" errors="0" skipped="0" failures="0">
  <properties>
    <property name="sun.desktop" value="windows"/>
    <property name="awt.toolkit" value="sun.awt.windows.WToolkit"/>
    <property name="file.encoding.pkg" value="sun.io"/>
    <property name="java.specification.version" value="1.8"/>
    <property name="sun.cpu.isalist" value="amd64"/>
    <property name="sun.jnu.encoding" value="GBK"/>
    <property name="java.class.path" value="F:\IDEA.java.projects\DormitoryManager2\target\test-classes;F:\IDEA.java.projects\DormitoryManager2\target\classes;F:\maven_repository\org\springframework\boot\spring-boot-starter-actuator\2.6.5\spring-boot-starter-actuator-2.6.5.jar;F:\maven_repository\org\springframework\boot\spring-boot-starter\2.6.5\spring-boot-starter-2.6.5.jar;F:\maven_repository\org\springframework\boot\spring-boot\2.6.5\spring-boot-2.6.5.jar;F:\maven_repository\org\springframework\boot\spring-boot-starter-logging\2.6.5\spring-boot-starter-logging-2.6.5.jar;F:\maven_repository\ch\qos\logback\logback-classic\1.2.11\logback-classic-1.2.11.jar;F:\maven_repository\ch\qos\logback\logback-core\1.2.11\logback-core-1.2.11.jar;F:\maven_repository\org\apache\logging\log4j\log4j-to-slf4j\2.17.2\log4j-to-slf4j-2.17.2.jar;F:\maven_repository\org\apache\logging\log4j\log4j-api\2.17.2\log4j-api-2.17.2.jar;F:\maven_repository\org\slf4j\jul-to-slf4j\1.7.36\jul-to-slf4j-1.7.36.jar;F:\maven_repository\jakarta\annotation\jakarta.annotation-api\1.3.5\jakarta.annotation-api-1.3.5.jar;F:\maven_repository\org\yaml\snakeyaml\1.29\snakeyaml-1.29.jar;F:\maven_repository\org\springframework\boot\spring-boot-actuator-autoconfigure\2.6.5\spring-boot-actuator-autoconfigure-2.6.5.jar;F:\maven_repository\org\springframework\boot\spring-boot-actuator\2.6.5\spring-boot-actuator-2.6.5.jar;F:\maven_repository\com\fasterxml\jackson\datatype\jackson-datatype-jsr310\2.13.2\jackson-datatype-jsr310-2.13.2.jar;F:\maven_repository\io\micrometer\micrometer-core\1.8.4\micrometer-core-1.8.4.jar;F:\maven_repository\org\hdrhistogram\HdrHistogram\2.1.12\HdrHistogram-2.1.12.jar;F:\maven_repository\org\latencyutils\LatencyUtils\2.0.3\LatencyUtils-2.0.3.jar;F:\maven_repository\org\springframework\boot\spring-boot-starter-data-redis\2.6.5\spring-boot-starter-data-redis-2.6.5.jar;F:\maven_repository\org\springframework\data\spring-data-redis\2.6.3\spring-data-redis-2.6.3.jar;F:\maven_repository\org\springframework\data\spring-data-keyvalue\2.6.3\spring-data-keyvalue-2.6.3.jar;F:\maven_repository\org\springframework\data\spring-data-commons\2.6.3\spring-data-commons-2.6.3.jar;F:\maven_repository\org\springframework\spring-tx\5.3.17\spring-tx-5.3.17.jar;F:\maven_repository\org\springframework\spring-oxm\5.3.17\spring-oxm-5.3.17.jar;F:\maven_repository\org\springframework\spring-aop\5.3.17\spring-aop-5.3.17.jar;F:\maven_repository\org\springframework\spring-context-support\5.3.17\spring-context-support-5.3.17.jar;F:\maven_repository\io\lettuce\lettuce-core\6.1.8.RELEASE\lettuce-core-6.1.8.RELEASE.jar;F:\maven_repository\io\netty\netty-common\4.1.75.Final\netty-common-4.1.75.Final.jar;F:\maven_repository\io\netty\netty-handler\4.1.75.Final\netty-handler-4.1.75.Final.jar;F:\maven_repository\io\netty\netty-resolver\4.1.75.Final\netty-resolver-4.1.75.Final.jar;F:\maven_repository\io\netty\netty-buffer\4.1.75.Final\netty-buffer-4.1.75.Final.jar;F:\maven_repository\io\netty\netty-codec\4.1.75.Final\netty-codec-4.1.75.Final.jar;F:\maven_repository\io\netty\netty-transport\4.1.75.Final\netty-transport-4.1.75.Final.jar;F:\maven_repository\io\projectreactor\reactor-core\3.4.16\reactor-core-3.4.16.jar;F:\maven_repository\org\reactivestreams\reactive-streams\1.0.3\reactive-streams-1.0.3.jar;F:\maven_repository\org\springframework\boot\spring-boot-starter-thymeleaf\2.6.5\spring-boot-starter-thymeleaf-2.6.5.jar;F:\maven_repository\org\thymeleaf\thymeleaf-spring5\3.0.15.RELEASE\thymeleaf-spring5-3.0.15.RELEASE.jar;F:\maven_repository\org\thymeleaf\thymeleaf\3.0.15.RELEASE\thymeleaf-3.0.15.RELEASE.jar;F:\maven_repository\org\attoparser\attoparser\2.0.5.RELEASE\attoparser-2.0.5.RELEASE.jar;F:\maven_repository\org\unbescape\unbescape\1.1.6.RELEASE\unbescape-1.1.6.RELEASE.jar;F:\maven_repository\org\thymeleaf\extras\thymeleaf-extras-java8time\3.0.4.RELEASE\thymeleaf-extras-java8time-3.0.4.RELEASE.jar;F:\maven_repository\org\springframework\boot\spring-boot-starter-web\2.6.5\spring-boot-starter-web-2.6.5.jar;F:\maven_repository\org\springframework\boot\spring-boot-starter-json\2.6.5\spring-boot-starter-json-2.6.5.jar;F:\maven_repository\com\fasterxml\jackson\datatype\jackson-datatype-jdk8\2.13.2\jackson-datatype-jdk8-2.13.2.jar;F:\maven_repository\com\fasterxml\jackson\module\jackson-module-parameter-names\2.13.2\jackson-module-parameter-names-2.13.2.jar;F:\maven_repository\org\springframework\boot\spring-boot-starter-tomcat\2.6.5\spring-boot-starter-tomcat-2.6.5.jar;F:\maven_repository\org\apache\tomcat\embed\tomcat-embed-core\9.0.60\tomcat-embed-core-9.0.60.jar;F:\maven_repository\org\apache\tomcat\embed\tomcat-embed-el\9.0.60\tomcat-embed-el-9.0.60.jar;F:\maven_repository\org\apache\tomcat\embed\tomcat-embed-websocket\9.0.60\tomcat-embed-websocket-9.0.60.jar;F:\maven_repository\org\springframework\spring-web\5.3.17\spring-web-5.3.17.jar;F:\maven_repository\org\springframework\spring-beans\5.3.17\spring-beans-5.3.17.jar;F:\maven_repository\org\springframework\spring-webmvc\5.3.17\spring-webmvc-5.3.17.jar;F:\maven_repository\org\springframework\spring-context\5.3.17\spring-context-5.3.17.jar;F:\maven_repository\org\springframework\spring-expression\5.3.17\spring-expression-5.3.17.jar;F:\maven_repository\mysql\mysql-connector-java\8.0.28\mysql-connector-java-8.0.28.jar;F:\maven_repository\org\projectlombok\lombok\1.18.22\lombok-1.18.22.jar;F:\maven_repository\io\github\guoshiqiufeng\mybatis-plus-boot-starter\1.3.7\mybatis-plus-boot-starter-1.3.7.jar;F:\maven_repository\org\springframework\boot\spring-boot-autoconfigure\2.6.5\spring-boot-autoconfigure-2.6.5.jar;F:\maven_repository\com\baomidou\mybatis-plus-boot-starter\3.4.2\mybatis-plus-boot-starter-3.4.2.jar;F:\maven_repository\com\baomidou\mybatis-plus\3.4.2\mybatis-plus-3.4.2.jar;F:\maven_repository\com\baomidou\mybatis-plus-extension\3.4.2\mybatis-plus-extension-3.4.2.jar;F:\maven_repository\com\baomidou\mybatis-plus-core\3.4.2\mybatis-plus-core-3.4.2.jar;F:\maven_repository\com\baomidou\mybatis-plus-annotation\3.4.2\mybatis-plus-annotation-3.4.2.jar;F:\maven_repository\com\github\jsqlparser\jsqlparser\4.0\jsqlparser-4.0.jar;F:\maven_repository\org\mybatis\mybatis\3.5.6\mybatis-3.5.6.jar;F:\maven_repository\org\mybatis\mybatis-spring\2.0.5\mybatis-spring-2.0.5.jar;F:\maven_repository\org\springframework\boot\spring-boot-starter-jdbc\2.6.5\spring-boot-starter-jdbc-2.6.5.jar;F:\maven_repository\com\zaxxer\HikariCP\4.0.3\HikariCP-4.0.3.jar;F:\maven_repository\org\springframework\spring-jdbc\5.3.17\spring-jdbc-5.3.17.jar;F:\maven_repository\io\github\guoshiqiufeng\framework-core\1.3.7\framework-core-1.3.7.jar;F:\maven_repository\org\apache\commons\commons-lang3\3.12.0\commons-lang3-3.12.0.jar;F:\maven_repository\com\alibaba\druid-spring-boot-starter\1.1.14\druid-spring-boot-starter-1.1.14.jar;F:\maven_repository\com\alibaba\druid\1.1.14\druid-1.1.14.jar;F:\maven_repository\org\slf4j\slf4j-api\1.7.36\slf4j-api-1.7.36.jar;F:\maven_repository\com\fasterxml\jackson\core\jackson-databind\2.13.1\jackson-databind-2.13.1.jar;F:\maven_repository\com\fasterxml\jackson\core\jackson-annotations\2.13.2\jackson-annotations-2.13.2.jar;F:\maven_repository\com\fasterxml\jackson\core\jackson-core\2.13.2\jackson-core-2.13.2.jar;F:\maven_repository\org\springframework\boot\spring-boot-starter-test\2.6.5\spring-boot-starter-test-2.6.5.jar;F:\maven_repository\org\springframework\boot\spring-boot-test\2.6.5\spring-boot-test-2.6.5.jar;F:\maven_repository\org\springframework\boot\spring-boot-test-autoconfigure\2.6.5\spring-boot-test-autoconfigure-2.6.5.jar;F:\maven_repository\com\jayway\jsonpath\json-path\2.6.0\json-path-2.6.0.jar;F:\maven_repository\net\minidev\json-smart\2.4.8\json-smart-2.4.8.jar;F:\maven_repository\net\minidev\accessors-smart\2.4.8\accessors-smart-2.4.8.jar;F:\maven_repository\org\ow2\asm\asm\9.1\asm-9.1.jar;F:\maven_repository\jakarta\xml\bind\jakarta.xml.bind-api\2.3.3\jakarta.xml.bind-api-2.3.3.jar;F:\maven_repository\jakarta\activation\jakarta.activation-api\1.2.2\jakarta.activation-api-1.2.2.jar;F:\maven_repository\org\assertj\assertj-core\3.21.0\assertj-core-3.21.0.jar;F:\maven_repository\org\hamcrest\hamcrest\2.2\hamcrest-2.2.jar;F:\maven_repository\org\junit\jupiter\junit-jupiter\5.8.2\junit-jupiter-5.8.2.jar;F:\maven_repository\org\junit\jupiter\junit-jupiter-api\5.8.2\junit-jupiter-api-5.8.2.jar;F:\maven_repository\org\opentest4j\opentest4j\1.2.0\opentest4j-1.2.0.jar;F:\maven_repository\org\junit\platform\junit-platform-commons\1.8.2\junit-platform-commons-1.8.2.jar;F:\maven_repository\org\apiguardian\apiguardian-api\1.1.2\apiguardian-api-1.1.2.jar;F:\maven_repository\org\junit\jupiter\junit-jupiter-params\5.8.2\junit-jupiter-params-5.8.2.jar;F:\maven_repository\org\junit\jupiter\junit-jupiter-engine\5.8.2\junit-jupiter-engine-5.8.2.jar;F:\maven_repository\org\junit\platform\junit-platform-engine\1.8.2\junit-platform-engine-1.8.2.jar;F:\maven_repository\org\mockito\mockito-core\4.0.0\mockito-core-4.0.0.jar;F:\maven_repository\net\bytebuddy\byte-buddy\1.11.22\byte-buddy-1.11.22.jar;F:\maven_repository\net\bytebuddy\byte-buddy-agent\1.11.22\byte-buddy-agent-1.11.22.jar;F:\maven_repository\org\objenesis\objenesis\3.2\objenesis-3.2.jar;F:\maven_repository\org\mockito\mockito-junit-jupiter\4.0.0\mockito-junit-jupiter-4.0.0.jar;F:\maven_repository\org\skyscreamer\jsonassert\1.5.0\jsonassert-1.5.0.jar;F:\maven_repository\com\vaadin\external\google\android-json\0.0.20131108.vaadin1\android-json-0.0.20131108.vaadin1.jar;F:\maven_repository\org\springframework\spring-core\5.3.17\spring-core-5.3.17.jar;F:\maven_repository\org\springframework\spring-jcl\5.3.17\spring-jcl-5.3.17.jar;F:\maven_repository\org\springframework\spring-test\5.3.17\spring-test-5.3.17.jar;F:\maven_repository\org\xmlunit\xmlunit-core\2.8.4\xmlunit-core-2.8.4.jar;F:\maven_repository\org\jetbrains\annotations\23.0.0\annotations-23.0.0.jar;"/>
    <property name="java.vm.vendor" value="Oracle Corporation"/>
    <property name="sun.arch.data.model" value="64"/>
    <property name="user.variant" value=""/>
    <property name="java.vendor.url" value="http://java.oracle.com/"/>
    <property name="user.timezone" value="Asia/Shanghai"/>
    <property name="java.vm.specification.version" value="1.8"/>
    <property name="os.name" value="Windows 10"/>
    <property name="user.country" value="CN"/>
    <property name="sun.java.launcher" value="SUN_STANDARD"/>
    <property name="sun.boot.library.path" value="F:\Program Files\Java\jdk1.8.0_171\jre\bin"/>
    <property name="sun.java.command" value="C:\Users\www22\AppData\Local\Temp\surefire2637822502223458265\surefirebooter4340860841981259614.jar C:\Users\www22\AppData\Local\Temp\surefire2637822502223458265 2022-04-12T16-06-52_729-jvmRun1 surefire1898384110490280856tmp surefire_03706555658064148611tmp"/>
    <property name="surefire.test.class.path" value="F:\IDEA.java.projects\DormitoryManager2\target\test-classes;F:\IDEA.java.projects\DormitoryManager2\target\classes;F:\maven_repository\org\springframework\boot\spring-boot-starter-actuator\2.6.5\spring-boot-starter-actuator-2.6.5.jar;F:\maven_repository\org\springframework\boot\spring-boot-starter\2.6.5\spring-boot-starter-2.6.5.jar;F:\maven_repository\org\springframework\boot\spring-boot\2.6.5\spring-boot-2.6.5.jar;F:\maven_repository\org\springframework\boot\spring-boot-starter-logging\2.6.5\spring-boot-starter-logging-2.6.5.jar;F:\maven_repository\ch\qos\logback\logback-classic\1.2.11\logback-classic-1.2.11.jar;F:\maven_repository\ch\qos\logback\logback-core\1.2.11\logback-core-1.2.11.jar;F:\maven_repository\org\apache\logging\log4j\log4j-to-slf4j\2.17.2\log4j-to-slf4j-2.17.2.jar;F:\maven_repository\org\apache\logging\log4j\log4j-api\2.17.2\log4j-api-2.17.2.jar;F:\maven_repository\org\slf4j\jul-to-slf4j\1.7.36\jul-to-slf4j-1.7.36.jar;F:\maven_repository\jakarta\annotation\jakarta.annotation-api\1.3.5\jakarta.annotation-api-1.3.5.jar;F:\maven_repository\org\yaml\snakeyaml\1.29\snakeyaml-1.29.jar;F:\maven_repository\org\springframework\boot\spring-boot-actuator-autoconfigure\2.6.5\spring-boot-actuator-autoconfigure-2.6.5.jar;F:\maven_repository\org\springframework\boot\spring-boot-actuator\2.6.5\spring-boot-actuator-2.6.5.jar;F:\maven_repository\com\fasterxml\jackson\datatype\jackson-datatype-jsr310\2.13.2\jackson-datatype-jsr310-2.13.2.jar;F:\maven_repository\io\micrometer\micrometer-core\1.8.4\micrometer-core-1.8.4.jar;F:\maven_repository\org\hdrhistogram\HdrHistogram\2.1.12\HdrHistogram-2.1.12.jar;F:\maven_repository\org\latencyutils\LatencyUtils\2.0.3\LatencyUtils-2.0.3.jar;F:\maven_repository\org\springframework\boot\spring-boot-starter-data-redis\2.6.5\spring-boot-starter-data-redis-2.6.5.jar;F:\maven_repository\org\springframework\data\spring-data-redis\2.6.3\spring-data-redis-2.6.3.jar;F:\maven_repository\org\springframework\data\spring-data-keyvalue\2.6.3\spring-data-keyvalue-2.6.3.jar;F:\maven_repository\org\springframework\data\spring-data-commons\2.6.3\spring-data-commons-2.6.3.jar;F:\maven_repository\org\springframework\spring-tx\5.3.17\spring-tx-5.3.17.jar;F:\maven_repository\org\springframework\spring-oxm\5.3.17\spring-oxm-5.3.17.jar;F:\maven_repository\org\springframework\spring-aop\5.3.17\spring-aop-5.3.17.jar;F:\maven_repository\org\springframework\spring-context-support\5.3.17\spring-context-support-5.3.17.jar;F:\maven_repository\io\lettuce\lettuce-core\6.1.8.RELEASE\lettuce-core-6.1.8.RELEASE.jar;F:\maven_repository\io\netty\netty-common\4.1.75.Final\netty-common-4.1.75.Final.jar;F:\maven_repository\io\netty\netty-handler\4.1.75.Final\netty-handler-4.1.75.Final.jar;F:\maven_repository\io\netty\netty-resolver\4.1.75.Final\netty-resolver-4.1.75.Final.jar;F:\maven_repository\io\netty\netty-buffer\4.1.75.Final\netty-buffer-4.1.75.Final.jar;F:\maven_repository\io\netty\netty-codec\4.1.75.Final\netty-codec-4.1.75.Final.jar;F:\maven_repository\io\netty\netty-transport\4.1.75.Final\netty-transport-4.1.75.Final.jar;F:\maven_repository\io\projectreactor\reactor-core\3.4.16\reactor-core-3.4.16.jar;F:\maven_repository\org\reactivestreams\reactive-streams\1.0.3\reactive-streams-1.0.3.jar;F:\maven_repository\org\springframework\boot\spring-boot-starter-thymeleaf\2.6.5\spring-boot-starter-thymeleaf-2.6.5.jar;F:\maven_repository\org\thymeleaf\thymeleaf-spring5\3.0.15.RELEASE\thymeleaf-spring5-3.0.15.RELEASE.jar;F:\maven_repository\org\thymeleaf\thymeleaf\3.0.15.RELEASE\thymeleaf-3.0.15.RELEASE.jar;F:\maven_repository\org\attoparser\attoparser\2.0.5.RELEASE\attoparser-2.0.5.RELEASE.jar;F:\maven_repository\org\unbescape\unbescape\1.1.6.RELEASE\unbescape-1.1.6.RELEASE.jar;F:\maven_repository\org\thymeleaf\extras\thymeleaf-extras-java8time\3.0.4.RELEASE\thymeleaf-extras-java8time-3.0.4.RELEASE.jar;F:\maven_repository\org\springframework\boot\spring-boot-starter-web\2.6.5\spring-boot-starter-web-2.6.5.jar;F:\maven_repository\org\springframework\boot\spring-boot-starter-json\2.6.5\spring-boot-starter-json-2.6.5.jar;F:\maven_repository\com\fasterxml\jackson\datatype\jackson-datatype-jdk8\2.13.2\jackson-datatype-jdk8-2.13.2.jar;F:\maven_repository\com\fasterxml\jackson\module\jackson-module-parameter-names\2.13.2\jackson-module-parameter-names-2.13.2.jar;F:\maven_repository\org\springframework\boot\spring-boot-starter-tomcat\2.6.5\spring-boot-starter-tomcat-2.6.5.jar;F:\maven_repository\org\apache\tomcat\embed\tomcat-embed-core\9.0.60\tomcat-embed-core-9.0.60.jar;F:\maven_repository\org\apache\tomcat\embed\tomcat-embed-el\9.0.60\tomcat-embed-el-9.0.60.jar;F:\maven_repository\org\apache\tomcat\embed\tomcat-embed-websocket\9.0.60\tomcat-embed-websocket-9.0.60.jar;F:\maven_repository\org\springframework\spring-web\5.3.17\spring-web-5.3.17.jar;F:\maven_repository\org\springframework\spring-beans\5.3.17\spring-beans-5.3.17.jar;F:\maven_repository\org\springframework\spring-webmvc\5.3.17\spring-webmvc-5.3.17.jar;F:\maven_repository\org\springframework\spring-context\5.3.17\spring-context-5.3.17.jar;F:\maven_repository\org\springframework\spring-expression\5.3.17\spring-expression-5.3.17.jar;F:\maven_repository\mysql\mysql-connector-java\8.0.28\mysql-connector-java-8.0.28.jar;F:\maven_repository\org\projectlombok\lombok\1.18.22\lombok-1.18.22.jar;F:\maven_repository\io\github\guoshiqiufeng\mybatis-plus-boot-starter\1.3.7\mybatis-plus-boot-starter-1.3.7.jar;F:\maven_repository\org\springframework\boot\spring-boot-autoconfigure\2.6.5\spring-boot-autoconfigure-2.6.5.jar;F:\maven_repository\com\baomidou\mybatis-plus-boot-starter\3.4.2\mybatis-plus-boot-starter-3.4.2.jar;F:\maven_repository\com\baomidou\mybatis-plus\3.4.2\mybatis-plus-3.4.2.jar;F:\maven_repository\com\baomidou\mybatis-plus-extension\3.4.2\mybatis-plus-extension-3.4.2.jar;F:\maven_repository\com\baomidou\mybatis-plus-core\3.4.2\mybatis-plus-core-3.4.2.jar;F:\maven_repository\com\baomidou\mybatis-plus-annotation\3.4.2\mybatis-plus-annotation-3.4.2.jar;F:\maven_repository\com\github\jsqlparser\jsqlparser\4.0\jsqlparser-4.0.jar;F:\maven_repository\org\mybatis\mybatis\3.5.6\mybatis-3.5.6.jar;F:\maven_repository\org\mybatis\mybatis-spring\2.0.5\mybatis-spring-2.0.5.jar;F:\maven_repository\org\springframework\boot\spring-boot-starter-jdbc\2.6.5\spring-boot-starter-jdbc-2.6.5.jar;F:\maven_repository\com\zaxxer\HikariCP\4.0.3\HikariCP-4.0.3.jar;F:\maven_repository\org\springframework\spring-jdbc\5.3.17\spring-jdbc-5.3.17.jar;F:\maven_repository\io\github\guoshiqiufeng\framework-core\1.3.7\framework-core-1.3.7.jar;F:\maven_repository\org\apache\commons\commons-lang3\3.12.0\commons-lang3-3.12.0.jar;F:\maven_repository\com\alibaba\druid-spring-boot-starter\1.1.14\druid-spring-boot-starter-1.1.14.jar;F:\maven_repository\com\alibaba\druid\1.1.14\druid-1.1.14.jar;F:\maven_repository\org\slf4j\slf4j-api\1.7.36\slf4j-api-1.7.36.jar;F:\maven_repository\com\fasterxml\jackson\core\jackson-databind\2.13.1\jackson-databind-2.13.1.jar;F:\maven_repository\com\fasterxml\jackson\core\jackson-annotations\2.13.2\jackson-annotations-2.13.2.jar;F:\maven_repository\com\fasterxml\jackson\core\jackson-core\2.13.2\jackson-core-2.13.2.jar;F:\maven_repository\org\springframework\boot\spring-boot-starter-test\2.6.5\spring-boot-starter-test-2.6.5.jar;F:\maven_repository\org\springframework\boot\spring-boot-test\2.6.5\spring-boot-test-2.6.5.jar;F:\maven_repository\org\springframework\boot\spring-boot-test-autoconfigure\2.6.5\spring-boot-test-autoconfigure-2.6.5.jar;F:\maven_repository\com\jayway\jsonpath\json-path\2.6.0\json-path-2.6.0.jar;F:\maven_repository\net\minidev\json-smart\2.4.8\json-smart-2.4.8.jar;F:\maven_repository\net\minidev\accessors-smart\2.4.8\accessors-smart-2.4.8.jar;F:\maven_repository\org\ow2\asm\asm\9.1\asm-9.1.jar;F:\maven_repository\jakarta\xml\bind\jakarta.xml.bind-api\2.3.3\jakarta.xml.bind-api-2.3.3.jar;F:\maven_repository\jakarta\activation\jakarta.activation-api\1.2.2\jakarta.activation-api-1.2.2.jar;F:\maven_repository\org\assertj\assertj-core\3.21.0\assertj-core-3.21.0.jar;F:\maven_repository\org\hamcrest\hamcrest\2.2\hamcrest-2.2.jar;F:\maven_repository\org\junit\jupiter\junit-jupiter\5.8.2\junit-jupiter-5.8.2.jar;F:\maven_repository\org\junit\jupiter\junit-jupiter-api\5.8.2\junit-jupiter-api-5.8.2.jar;F:\maven_repository\org\opentest4j\opentest4j\1.2.0\opentest4j-1.2.0.jar;F:\maven_repository\org\junit\platform\junit-platform-commons\1.8.2\junit-platform-commons-1.8.2.jar;F:\maven_repository\org\apiguardian\apiguardian-api\1.1.2\apiguardian-api-1.1.2.jar;F:\maven_repository\org\junit\jupiter\junit-jupiter-params\5.8.2\junit-jupiter-params-5.8.2.jar;F:\maven_repository\org\junit\jupiter\junit-jupiter-engine\5.8.2\junit-jupiter-engine-5.8.2.jar;F:\maven_repository\org\junit\platform\junit-platform-engine\1.8.2\junit-platform-engine-1.8.2.jar;F:\maven_repository\org\mockito\mockito-core\4.0.0\mockito-core-4.0.0.jar;F:\maven_repository\net\bytebuddy\byte-buddy\1.11.22\byte-buddy-1.11.22.jar;F:\maven_repository\net\bytebuddy\byte-buddy-agent\1.11.22\byte-buddy-agent-1.11.22.jar;F:\maven_repository\org\objenesis\objenesis\3.2\objenesis-3.2.jar;F:\maven_repository\org\mockito\mockito-junit-jupiter\4.0.0\mockito-junit-jupiter-4.0.0.jar;F:\maven_repository\org\skyscreamer\jsonassert\1.5.0\jsonassert-1.5.0.jar;F:\maven_repository\com\vaadin\external\google\android-json\0.0.20131108.vaadin1\android-json-0.0.20131108.vaadin1.jar;F:\maven_repository\org\springframework\spring-core\5.3.17\spring-core-5.3.17.jar;F:\maven_repository\org\springframework\spring-jcl\5.3.17\spring-jcl-5.3.17.jar;F:\maven_repository\org\springframework\spring-test\5.3.17\spring-test-5.3.17.jar;F:\maven_repository\org\xmlunit\xmlunit-core\2.8.4\xmlunit-core-2.8.4.jar;F:\maven_repository\org\jetbrains\annotations\23.0.0\annotations-23.0.0.jar;"/>
    <property name="sun.cpu.endian" value="little"/>
    <property name="user.home" value="C:\Users\www22"/>
    <property name="user.language" value="zh"/>
    <property name="java.specification.vendor" value="Oracle Corporation"/>
    <property name="java.home" value="F:\Program Files\Java\jdk1.8.0_171\jre"/>
    <property name="basedir" value="F:\IDEA.java.projects\DormitoryManager2"/>
    <property name="file.separator" value="\"/>
    <property name="line.separator" value="&#10;"/>
    <property name="java.vm.specification.vendor" value="Oracle Corporation"/>
    <property name="java.specification.name" value="Java Platform API Specification"/>
    <property name="java.awt.graphicsenv" value="sun.awt.Win32GraphicsEnvironment"/>
    <property name="surefire.real.class.path" value="C:\Users\www22\AppData\Local\Temp\surefire2637822502223458265\surefirebooter4340860841981259614.jar"/>
    <property name="sun.boot.class.path" value="F:\Program Files\Java\jdk1.8.0_171\jre\lib\resources.jar;F:\Program Files\Java\jdk1.8.0_171\jre\lib\rt.jar;F:\Program Files\Java\jdk1.8.0_171\jre\lib\sunrsasign.jar;F:\Program Files\Java\jdk1.8.0_171\jre\lib\jsse.jar;F:\Program Files\Java\jdk1.8.0_171\jre\lib\jce.jar;F:\Program Files\Java\jdk1.8.0_171\jre\lib\charsets.jar;F:\Program Files\Java\jdk1.8.0_171\jre\lib\jfr.jar;F:\Program Files\Java\jdk1.8.0_171\jre\classes"/>
    <property name="user.script" value=""/>
    <property name="sun.management.compiler" value="HotSpot 64-Bit Tiered Compilers"/>
    <property name="java.runtime.version" value="1.8.0_171-b11"/>
    <property name="user.name" value="wgx"/>
    <property name="path.separator" value=";"/>
    <property name="os.version" value="10.0"/>
    <property name="java.endorsed.dirs" value="F:\Program Files\Java\jdk1.8.0_171\jre\lib\endorsed"/>
    <property name="java.runtime.name" value="Java(TM) SE Runtime Environment"/>
    <property name="file.encoding" value="GBK"/>
    <property name="java.vm.name" value="Java HotSpot(TM) 64-Bit Server VM"/>
    <property name="localRepository" value="F:\maven_repository"/>
    <property name="java.vendor.url.bug" value="http://bugreport.sun.com/bugreport/"/>
    <property name="java.io.tmpdir" value="C:\Users\www22\AppData\Local\Temp\"/>
    <property name="idea.version" value="2021.3.1"/>
    <property name="java.version" value="1.8.0_171"/>
    <property name="user.dir" value="F:\IDEA.java.projects\DormitoryManager2"/>
    <property name="os.arch" value="amd64"/>
    <property name="java.vm.specification.name" value="Java Virtual Machine Specification"/>
    <property name="java.awt.printerjob" value="sun.awt.windows.WPrinterJob"/>
    <property name="sun.os.patch.level" value=""/>
    <property name="java.library.path" value="F:\Program Files\Java\jdk1.8.0_171\jre\bin;C:\WINDOWS\Sun\Java\bin;C:\WINDOWS\system32;C:\WINDOWS;F:\Program Files\apache-maven-3.8.4\bin;F:\Program Files\Java\jdk1.8.0_171\bin;F:\Program Files\Java\jdk1.8.0_171\jre\bin;C:\Program Files (x86)\ARM\ADSv1_2\bin;C:\Program Files (x86)\Intel\Intel(R) Management Engine Components\iCLS\;C:\Program Files\Intel\Intel(R) Management Engine Components\iCLS\;C:\Windows\system32;C:\Windows;C:\Windows\System32\Wbem;C:\Windows\System32\WindowsPowerShell\v1.0\;C:\Program Files (x86)\NVIDIA Corporation\PhysX\Common;C:\Program Files (x86)\Intel\Intel(R) Management Engine Components\DAL;C:\Program Files\Intel\Intel(R) Management Engine Components\DAL;C:\Program Files (x86)\Intel\Intel(R) Management Engine Components\IPT;C:\Program Files\Intel\Intel(R) Management Engine Components\IPT;C:\Program Files\Intel\WiFi\bin\;C:\Program Files\Common Files\Intel\WirelessCommon\;C:\WINDOWS\system32;C:\WINDOWS;C:\WINDOWS\System32\Wbem;C:\WINDOWS\System32\WindowsPowerShell\v1.0\;C:\WINDOWS\System32\OpenSSH\;C:\Program Files\NVIDIA Corporation\NVIDIA NvDLISR;F:\Program Files (x86)\NetSarang\Xftp 7\;F:\Program Files\Git\cmd;F:\Program Files (x86)\NetSarang\Xshell 7\;F:\Program Files\Java\jdk1.8.0_171\bin;F:\Program Files\Java\jdk1.8.0_171\jre\bin;F:\Program Files\mysql-5.7.35-winx64\bin;C:\Program Files (x86)\Microsoft Visual Studio\Common\Tools\WinNT;C:\Program Files (x86)\Microsoft Visual Studio\Common\MSDev98\Bin;C:\Program Files (x86)\Microsoft Visual Studio\Common\Tools;C:\Program Files (x86)\Microsoft Visual Studio\VC98\bin;C:\Users\www22\AppData\Local\Microsoft\WindowsApps;;."/>
    <property name="java.vm.info" value="mixed mode"/>
    <property name="java.vendor" value="Oracle Corporation"/>
    <property name="java.vm.version" value="25.171-b11"/>
    <property name="java.ext.dirs" value="F:\Program Files\Java\jdk1.8.0_171\jre\lib\ext;C:\WINDOWS\Sun\Java\lib\ext"/>
    <property name="sun.io.unicode.encoding" value="UnicodeLittle"/>
    <property name="java.class.version" value="52.0"/>
  </properties>
  <testcase name="testRepairInfoMapper" classname="com.wgx.dormitorymanager2.DormitoryManager2ApplicationTests" time="0.406"/>
  <testcase name="testRedis" classname="com.wgx.dormitorymanager2.DormitoryManager2ApplicationTests" time="2.114"/>
  <testcase name="testUUID" classname="com.wgx.dormitorymanager2.DormitoryManager2ApplicationTests" time="0.01"/>
  <testcase name="testRepairMapper" classname="com.wgx.dormitorymanager2.DormitoryManager2ApplicationTests" time="1.195"/>
  <testcase name="testDormitoryAnnouncementService" classname="com.wgx.dormitorymanager2.DormitoryManager2ApplicationTests" time="0.009"/>
  <testcase name="contextLoads" classname="com.wgx.dormitorymanager2.DormitoryManager2ApplicationTests" time="0.005"/>
  <testcase name="testRepairService" classname="com.wgx.dormitorymanager2.DormitoryManager2ApplicationTests" time="0.069"/>
  <testcase name="testMapper" classname="com.wgx.dormitorymanager2.DormitoryManager2ApplicationTests" time="0.006"/>
  <testcase name="testPaymentInfo" classname="com.wgx.dormitorymanager2.DormitoryManager2ApplicationTests" time="0.029"/>
</testsuite>